<?xml version="1.0" encoding="UTF-8"?>
<!-- Generated by org.testng.reporters.JUnitReportReporter -->
<testsuite hostname="Naresh" failures="0" tests="1" name="com.selenium.scripts.JavaScriptExecutorTest" time="17.136" errors="0" timestamp="2022-11-22T09:07:37 IST" skipped="0">
  <testcase classname="com.selenium.scripts.JavaScriptExecutorTest" name="textboxMethods" time="17.136"/>
  <system-out/>
</testsuite> <!-- com.selenium.scripts.JavaScriptExecutorTest -->
